#
# There is insufficient memory for the Java Runtime Environment to continue.
# Native memory allocation (mmap) failed to map 134217728 bytes for G1 virtual space
# Possible reasons:
#   The system is out of physical RAM or swap space
#   The process is running with CompressedOops enabled, and the Java Heap may be blocking the growth of the native heap
# Possible solutions:
#   Reduce memory load on the system
#   Increase physical memory or swap space
#   Check if swap backing store is full
#   Decrease Java heap size (-Xmx/-Xms)
#   Decrease number of Java threads
#   Decrease Java thread stack sizes (-Xss)
#   Set larger code cache with -XX:ReservedCodeCacheSize=
#   JVM is running with Unscaled Compressed Oops mode in which the Java heap is
#     placed in the first 4GB address space. The Java Heap base address is the
#     maximum limit for the native heap growth. Please use -XX:HeapBaseMinAddress
#     to set the Java Heap base and to place the Java Heap above 4GB virtual address.
# This output file may be truncated or incomplete.
#
#  Out of Memory Error (os_windows.cpp:3469), pid=21568, tid=22468
#
# JRE version:  (17.0.1+12) (build )
# Java VM: OpenJDK 64-Bit Server VM (17.0.1+12, mixed mode, sharing, tiered, compressed oops, compressed class ptrs, g1 gc, windows-amd64)
# No core dump will be written. Minidumps are not enabled by default on client versions of Windows
#

---------------  S U M M A R Y ------------

Command Line: -Dmaven.home=EMBEDDED -Dclassworlds.conf=D:\Spring-Boot\.metadata\.plugins\org.eclipse.m2e.launching\launches\m2conf3279747285118849681.tmp -Dmaven.multiModuleProjectDirectory=D:\Spring-Boot\springboot-aws-1 -Djansi.force=true -Djansi.passthrough=true -Dfile.encoding=Cp1252 -XX:+ShowCodeDetailsInExceptionMessages org.codehaus.plexus.classworlds.launcher.Launcher -Ppom.xml -B -Dmaven.test.skip=true -DskipTests clear install -Dstyle.color=always

Host: Intel(R) Core(TM) i3-6006U CPU @ 2.00GHz, 4 cores, 7G,  Windows 10 , 64 bit Build 10240 (10.0.10240.16384)
Time: Mon Mar  7 10:37:55 2022 India Standard Time elapsed time: 0.054862 seconds (0d 0h 0m 0s)

---------------  T H R E A D  ---------------

Current thread (0x000000ee421bd050):  JavaThread "Unknown thread" [_thread_in_vm, id=22468, stack(0x000000ee418a0000,0x000000ee419a0000)]

Stack: [0x000000ee418a0000,0x000000ee419a0000]
Native frames: (J=compiled Java code, j=interpreted, Vv=VM code, C=native code)
V  [jvm.dll+0x6744da]
V  [jvm.dll+0x82e144]
V  [jvm.dll+0x82f8ee]
V  [jvm.dll+0x82ff53]
V  [jvm.dll+0x245175]
V  [jvm.dll+0x6714c9]
V  [jvm.dll+0x665f92]
V  [jvm.dll+0x303c3b]
V  [jvm.dll+0x30b176]
V  [jvm.dll+0x35af1e]
V  [jvm.dll+0x35b14f]
V  [jvm.dll+0x2dab78]
V  [jvm.dll+0x2dbae4]
V  [jvm.dll+0x7ffdf1]
V  [jvm.dll+0x368c91]
V  [jvm.dll+0x7df2cc]
V  [jvm.dll+0x3eb59f]
V  [jvm.dll+0x3ed121]
C  [jli.dll+0x5277]
C  [ucrtbase.dll+0x682dd]
C  [KERNEL32.DLL+0x12d92]
C  [ntdll.dll+0x9f64]


---------------  P R O C E S S  ---------------

Threads class SMR info:
_java_thread_list=0x00007fff40e74e58, length=0, elements={
}

Java Threads: ( => current thread )

Other Threads:
  0x000000ee421fc770 GCTaskThread "GC Thread#0" [stack: 0x000000ee41fc0000,0x000000ee420c0000] [id=11948]
  0x000000ee4220ef80 ConcurrentGCThread "G1 Main Marker" [stack: 0x000000ee593d0000,0x000000ee594d0000] [id=21296]
  0x000000ee422104d0 ConcurrentGCThread "G1 Conc#0" [stack: 0x000000ee594d0000,0x000000ee595d0000] [id=23956]

[error occurred during error reporting (printing all threads), id 0xc0000005, EXCEPTION_ACCESS_VIOLATION (0xc0000005) at pc=0x00007fff4064b5f7]

VM state: not at safepoint (not fully initialized)

VM Mutex/Monitor currently owned by a thread:  ([mutex/lock_event])
[0x000000ee421b9710] Heap_lock - owner thread: 0x000000ee421bd050

Heap address: 0x0000000081400000, size: 2028 MB, Compressed Oops mode: 32-bit

CDS archive(s) mapped at: [0x0000000000000000-0x0000000000000000-0x0000000000000000), size 0, SharedBaseAddress: 0x0000000800000000, ArchiveRelocationMode: 0.
Narrow klass base: 0x0000000000000000, Narrow klass shift: 0, Narrow klass range: 0x0

GC Precious Log:
<Empty>

Heap:
 garbage-first heap   total 0K, used 0K [0x0000000081400000, 0x0000000100000000)
  region size 1024K, 0 young (0K), 0 survivors (0K)

[error occurred during error reporting (printing heap information), id 0xc0000005, EXCEPTION_ACCESS_VIOLATION (0xc0000005) at pc=0x00007fff40a2d729]

GC Heap History (0 events):
No events

Deoptimization events (0 events):
No events

Classes unloaded (0 events):
No events

Classes redefined (0 events):
No events

Internal exceptions (0 events):
No events

VM Operations (0 events):
No events

Events (1 events):
Event: 0.007 Loaded shared library C:\Users\user\Favorites\Downloads\sts-4.13.1.RELEASE\plugins\org.eclipse.justj.openjdk.hotspot.jre.full.win32.x86_64_17.0.1.v20211116-1657\jre\bin\java.dll


Dynamic libraries:
0x00007ff68bb70000 - 0x00007ff68bb7e000 	C:\Users\user\Favorites\Downloads\sts-4.13.1.RELEASE\plugins\org.eclipse.justj.openjdk.hotspot.jre.full.win32.x86_64_17.0.1.v20211116-1657\jre\bin\javaw.exe
0x00007fff81c20000 - 0x00007fff81de2000 	C:\Windows\SYSTEM32\ntdll.dll
0x00007fff81b70000 - 0x00007fff81c1d000 	C:\Windows\system32\KERNEL32.DLL
0x00007fff7f110000 - 0x00007fff7f2ed000 	C:\Windows\system32\KERNELBASE.dll
0x00007fff7ac60000 - 0x00007fff7ac78000 	C:\Users\user\Favorites\Downloads\sts-4.13.1.RELEASE\plugins\org.eclipse.justj.openjdk.hotspot.jre.full.win32.x86_64_17.0.1.v20211116-1657\jre\bin\jli.dll
0x00007fff7a580000 - 0x00007fff7a599000 	C:\Users\user\Favorites\Downloads\sts-4.13.1.RELEASE\plugins\org.eclipse.justj.openjdk.hotspot.jre.full.win32.x86_64_17.0.1.v20211116-1657\jre\bin\VCRUNTIME140.dll
0x00007fff77440000 - 0x00007fff77532000 	C:\Windows\SYSTEM32\ucrtbase.dll
0x00007fff7fb30000 - 0x00007fff7fc7e000 	C:\Windows\system32\USER32.dll
0x00007fff74840000 - 0x00007fff74ab4000 	C:\Windows\WinSxS\amd64_microsoft.windows.common-controls_6595b64144ccf1df_6.0.10240.16384_none_f41f7b285750ef43\COMCTL32.dll
0x00007fff81590000 - 0x00007fff81715000 	C:\Windows\system32\GDI32.dll
0x00007fff814f0000 - 0x00007fff8158d000 	C:\Windows\system32\msvcrt.dll
0x00007fff7fc80000 - 0x00007fff7fcb6000 	C:\Windows\system32\IMM32.DLL
0x00007fff81730000 - 0x00007fff8188c000 	C:\Windows\system32\MSCTF.dll
0x00007fff75bf0000 - 0x00007fff75bfc000 	C:\Users\user\Favorites\Downloads\sts-4.13.1.RELEASE\plugins\org.eclipse.justj.openjdk.hotspot.jre.full.win32.x86_64_17.0.1.v20211116-1657\jre\bin\vcruntime140_1.dll
0x00007fff6d7a0000 - 0x00007fff6d831000 	C:\Users\user\Favorites\Downloads\sts-4.13.1.RELEASE\plugins\org.eclipse.justj.openjdk.hotspot.jre.full.win32.x86_64_17.0.1.v20211116-1657\jre\bin\msvcp140.dll
0x00007fff40360000 - 0x00007fff40fa6000 	C:\Users\user\Favorites\Downloads\sts-4.13.1.RELEASE\plugins\org.eclipse.justj.openjdk.hotspot.jre.full.win32.x86_64_17.0.1.v20211116-1657\jre\bin\server\jvm.dll
0x00007fff7f910000 - 0x00007fff7f9b6000 	C:\Windows\system32\ADVAPI32.dll
0x00007fff7fa30000 - 0x00007fff7fa8b000 	C:\Windows\system32\sechost.dll
0x00007fff81890000 - 0x00007fff819b6000 	C:\Windows\system32\RPCRT4.dll
0x00007fff7fb20000 - 0x00007fff7fb28000 	C:\Windows\system32\PSAPI.DLL
0x00007fff7bf80000 - 0x00007fff7bf89000 	C:\Windows\SYSTEM32\WSOCK32.dll
0x00007fff74050000 - 0x00007fff74073000 	C:\Windows\SYSTEM32\WINMM.dll
0x00007fff72bb0000 - 0x00007fff72bba000 	C:\Windows\SYSTEM32\VERSION.dll
0x00007fff7fab0000 - 0x00007fff7fb19000 	C:\Windows\system32\WS2_32.dll
0x00007fff7f9c0000 - 0x00007fff7f9c8000 	C:\Windows\system32\NSI.dll
0x00007fff74020000 - 0x00007fff7404c000 	C:\Windows\SYSTEM32\WINMMBASE.dll
0x00007fff7ea90000 - 0x00007fff7ead4000 	C:\Windows\system32\cfgmgr32.dll
0x00007fff7cfc0000 - 0x00007fff7cfe7000 	C:\Windows\SYSTEM32\DEVOBJ.dll
0x00007fff7e6e0000 - 0x00007fff7e6ef000 	C:\Windows\system32\kernel.appcore.dll
0x00007fff7a660000 - 0x00007fff7a66a000 	C:\Users\user\Favorites\Downloads\sts-4.13.1.RELEASE\plugins\org.eclipse.justj.openjdk.hotspot.jre.full.win32.x86_64_17.0.1.v20211116-1657\jre\bin\jimage.dll
0x00007fff7bd10000 - 0x00007fff7be9a000 	C:\Windows\SYSTEM32\DBGHELP.DLL
0x00007fff7cd40000 - 0x00007fff7cd65000 	C:\Windows\SYSTEM32\dbgcore.DLL
0x00007fff75a10000 - 0x00007fff75a35000 	C:\Users\user\Favorites\Downloads\sts-4.13.1.RELEASE\plugins\org.eclipse.justj.openjdk.hotspot.jre.full.win32.x86_64_17.0.1.v20211116-1657\jre\bin\java.dll

dbghelp: loaded successfully - version: 4.0.5 - missing functions: none
symbol engine: initialized successfully - sym options: 0x614 - pdb path: .;C:\Users\user\Favorites\Downloads\sts-4.13.1.RELEASE\plugins\org.eclipse.justj.openjdk.hotspot.jre.full.win32.x86_64_17.0.1.v20211116-1657\jre\bin;C:\Windows\SYSTEM32;C:\Windows\WinSxS\amd64_microsoft.windows.common-controls_6595b64144ccf1df_6.0.10240.16384_none_f41f7b285750ef43;C:\Users\user\Favorites\Downloads\sts-4.13.1.RELEASE\plugins\org.eclipse.justj.openjdk.hotspot.jre.full.win32.x86_64_17.0.1.v20211116-1657\jre\bin\server

VM Arguments:
jvm_args: -Dmaven.home=EMBEDDED -Dclassworlds.conf=D:\Spring-Boot\.metadata\.plugins\org.eclipse.m2e.launching\launches\m2conf3279747285118849681.tmp -Dmaven.multiModuleProjectDirectory=D:\Spring-Boot\springboot-aws-1 -Djansi.force=true -Djansi.passthrough=true -Dfile.encoding=Cp1252 -XX:+ShowCodeDetailsInExceptionMessages 
java_command: org.codehaus.plexus.classworlds.launcher.Launcher -Ppom.xml -B -Dmaven.test.skip=true -DskipTests clear install -Dstyle.color=always
java_class_path (initial): C:\Users\user\Favorites\Downloads\sts-4.13.1.RELEASE\plugins\org.eclipse.m2e.maven.runtime_1.18.1.20211011-2139\jars\plexus-classworlds-2.6.0.jar
Launcher Type: SUN_STANDARD

[Global flags]
     intx CICompilerCount                          = 3                                         {product} {ergonomic}
     uint ConcGCThreads                            = 1                                         {product} {ergonomic}
     uint G1ConcRefinementThreads                  = 4                                         {product} {ergonomic}
   size_t G1HeapRegionSize                         = 1048576                                   {product} {ergonomic}
    uintx GCDrainStackTargetSize                   = 64                                        {product} {ergonomic}
   size_t InitialHeapSize                          = 134217728                                 {product} {ergonomic}
   size_t MarkStackSize                            = 4194304                                   {product} {ergonomic}
   size_t MaxHeapSize                              = 2126512128                                {product} {ergonomic}
   size_t MinHeapDeltaBytes                        = 1048576                                   {product} {ergonomic}
   size_t MinHeapSize                              = 8388608                                   {product} {ergonomic}
    uintx NonNMethodCodeHeapSize                   = 5832780                                {pd product} {ergonomic}
    uintx NonProfiledCodeHeapSize                  = 122912730                              {pd product} {ergonomic}
    uintx ProfiledCodeHeapSize                     = 122912730                              {pd product} {ergonomic}
    uintx ReservedCodeCacheSize                    = 251658240                              {pd product} {ergonomic}
     bool SegmentedCodeCache                       = true                                      {product} {ergonomic}
     bool ShowCodeDetailsInExceptionMessages       = true                                   {manageable} {command line}
   size_t SoftMaxHeapSize                          = 2126512128                             {manageable} {ergonomic}
     bool UseCompressedClassPointers               = true                           {product lp64_product} {ergonomic}
     bool UseCompressedOops                        = true                           {product lp64_product} {ergonomic}
     bool UseG1GC                                  = true                                      {product} {ergonomic}
     bool UseLargePagesIndividualAllocation        = false                                  {pd product} {ergonomic}

Logging:
Log output configuration:
 #0: stdout all=warning uptime,level,tags
 #1: stderr all=off uptime,level,tags

Environment Variables:
PATH=C:/Users/user/Favorites/Downloads/sts-4.13.1.RELEASE//plugins/org.eclipse.justj.openjdk.hotspot.jre.full.win32.x86_64_17.0.1.v20211116-1657/jre/bin/server;C:/Users/user/Favorites/Downloads/sts-4.13.1.RELEASE//plugins/org.eclipse.justj.openjdk.hotspot.jre.full.win32.x86_64_17.0.1.v20211116-1657/jre/bin;C:\Program Files\Java\jre1.8.0_301\bin;C:\Program Files\nodejs\;C:\Program Files\Git\cmd;;C:\Users\user\AppData\Local\Programs\Microsoft VS Code\bin;C:\Users\user\AppData\Roaming\npm;C:\Users\user\Favorites\Downloads\sts-4.13.1.RELEASE;
USERNAME=user
OS=Windows_NT
PROCESSOR_IDENTIFIER=Intel64 Family 6 Model 78 Stepping 3, GenuineIntel



---------------  S Y S T E M  ---------------

OS:
 Windows 10 , 64 bit Build 10240 (10.0.10240.16384)
OS uptime: 53 days 17:52 hours

CPU: total 4 (initial active 4) (2 cores per cpu, 2 threads per core) family 6 model 78 stepping 3 microcode 0x9e, cx8, cmov, fxsr, ht, mmx, 3dnowpref, sse, sse2, sse3, ssse3, sse4.1, sse4.2, popcnt, lzcnt, tsc, tscinvbit, avx, avx2, aes, erms, clmul, bmi1, bmi2, adx, fma, vzeroupper, clflush, clflushopt

Memory: 4k page, system-wide physical 8108M (1547M free)
TotalPageFile size 20538M (AvailPageFile size 64M)
current process WorkingSet (physical memory assigned to process): 9M, peak: 9M
current process commit charge ("private bytes"): 51M, peak: 179M

vm_info: OpenJDK 64-Bit Server VM (17.0.1+12) for windows-amd64 JRE (17.0.1+12), built on Oct 20 2021 07:42:55 by "" with MS VC++ 16.7 (VS2019)

END.
